————————————————————————————————————————————————————————————
          Final standings for event Bithlo #1:


Category 125A:
 1ˢᵗ: Oliver (86)
 2ⁿᵈ: Adeline (41)
 3ʳᵈ: Dallas (13)
 4ᵗʰ: Aiden (78)
 5ᵗʰ: Marco (33)

Category 125B:
 1ˢᵗ: Jaxon (11)
 2ⁿᵈ: Griffin (93)
 3ʳᵈ: Evan (61)
 4ᵗʰ: Saylor (83)

Category 125C:
 1ˢᵗ: Avery (12)
 2ⁿᵈ: Reagan (4)
 3ʳᵈ: Daisy (71)
 4ᵗʰ: Iris (60)
 5ᵗʰ: Raziel (58)
 6ᵗʰ: Khaliq (16)
 7ᵗʰ: Ailani (50)



————————————————————————————————————————————————————————————
          Final standings for event Bithlo #2:


Category 125A:
 1ˢᵗ: Marco (33)
 2ⁿᵈ: Oliver (86)
 3ʳᵈ: Dallas (13)
 4ᵗʰ: Adeline (41)
 5ᵗʰ: Aiden (78)

Category 125B:
 1ˢᵗ: Griffin (93)
 2ⁿᵈ: Jaxon (11)
 3ʳᵈ: Saylor (83)
 4ᵗʰ: Evan (61)

Category 125C:
 1ˢᵗ: Reagan (4)
 2ⁿᵈ: Daisy (71)
 3ʳᵈ: Raziel (58)
 4ᵗʰ: Ailani (50)
 5ᵗʰ: Avery (12)
 6ᵗʰ: Khaliq (16)
 7ᵗʰ: Iris (60)

Category 125Pro:
 1ˢᵗ: Emarie (99)
 2ⁿᵈ: Lucas (15)

Category 250B:
 1ˢᵗ: Travis (73)
 2ⁿᵈ: Shriya (36)
 3ʳᵈ: Ezra (56)
 4ᵗʰ: Sadie (5)
 5ᵗʰ: Jade (10)

Category 250C:
 1ˢᵗ: Delaney (98)
 2ⁿᵈ: Barrett (57)
 3ʳᵈ: Micah (28)
 4ᵗʰ: Kysen (72)
 5ᵗʰ: Maverick (54)
 6ᵗʰ: Roxanne (68)
 7ᵗʰ: Yosiah (32)
 8ᵗʰ: Nico (48)



————————————————————————————————————————————————————————————
          Final standings for event Bithlo #3:


Category 125A:
 1ˢᵗ: Aiden (78)
 2ⁿᵈ: Marco (33)
 3ʳᵈ: Oliver (86)
 4ᵗʰ: Dallas (13)
 5ᵗʰ: Adeline (41)

Category 125B:
 1ˢᵗ: Griffin (93)
 2ⁿᵈ: Saylor (83)
 3ʳᵈ: Evan (61)
 4ᵗʰ: Jaxon (11)

Category 125C:
 1ˢᵗ: Ailani (50)
 2ⁿᵈ: Reagan (4)
 3ʳᵈ: Iris (60)
 4ᵗʰ: Daisy (71)
 5ᵗʰ: Khaliq (16)
 6ᵗʰ: Avery (12)
 7ᵗʰ: Raziel (58)

Category 125Pro:
 1ˢᵗ: Emarie (99)
 2ⁿᵈ: Lucas (15)

Category 250B:
 1ˢᵗ: Shriya (36)
 2ⁿᵈ: Travis (73)
 3ʳᵈ: Sadie (5)
 4ᵗʰ: Ezra (56)
 5ᵗʰ: Jade (10)

Category 250C:
 1ˢᵗ: Delaney (98)
 2ⁿᵈ: Maverick (54)
 3ʳᵈ: Micah (28)
 4ᵗʰ: Roxanne (68)
 5ᵗʰ: Nico (48)
 6ᵗʰ: Kysen (72)
 7ᵗʰ: Yosiah (32)
 8ᵗʰ: Barrett (57)

Category 250Pro:
 1ˢᵗ: Leo (69)
 2ⁿᵈ: Adelina (46)
 3ʳᵈ: Keaton (43)
 4ᵗʰ: Jaylin (94)
 5ᵗʰ: Camille (95)
 6ᵗʰ: Lola (2)
 7ᵗʰ: Maylani (21)
 8ᵗʰ: Leslie (97)
 9ᵗʰ: Zane (39)



————————————————————————————————————————————————————————————
          Final standings for event Bithlo #4:


Category 125A:
 1ˢᵗ: Dallas (13)
 2ⁿᵈ: Oliver (86)
 3ʳᵈ: Adeline (41)
 4ᵗʰ: Marco (33)
 5ᵗʰ: Aiden (78)

Category 125B:
 1ˢᵗ: Saylor (83)
 2ⁿᵈ: Evan (61)
 3ʳᵈ: Griffin (93)
 4ᵗʰ: Jaxon (11)

Category 125C:
 1ˢᵗ: Avery (12)
 2ⁿᵈ: Reagan (4)
 3ʳᵈ: Ailani (50)
 4ᵗʰ: Iris (60)
 5ᵗʰ: Khaliq (16)
 6ᵗʰ: Raziel (58)
 7ᵗʰ: Daisy (71)

Category 125Pro:
 1ˢᵗ: Emarie (99)
 2ⁿᵈ: Lucas (15)

Category 250B:
 1ˢᵗ: Travis (73)
 2ⁿᵈ: Ezra (56)
 3ʳᵈ: Sadie (5)
 4ᵗʰ: Jade (10)
 5ᵗʰ: Shriya (36)



————————————————————————————————————————————————————————————
          Final standings for event Bithlo #5:


Category 125A:
 1ˢᵗ: Aiden (78)
 2ⁿᵈ: Dallas (13)
 3ʳᵈ: Adeline (41)
 4ᵗʰ: Marco (33)
 5ᵗʰ: Oliver (86)

Category 125B:
 1ˢᵗ: Evan (61)
 2ⁿᵈ: Saylor (83)
 3ʳᵈ: Jaxon (11)
 4ᵗʰ: Griffin (93)

Category 125C:
 1ˢᵗ: Avery (12)
 2ⁿᵈ: Daisy (71)
 3ʳᵈ: Iris (60)
 4ᵗʰ: Reagan (4)
 5ᵗʰ: Khaliq (16)
 6ᵗʰ: Ailani (50)
 7ᵗʰ: Raziel (58)

Category 125Pro:
 1ˢᵗ: Lucas (15)
 2ⁿᵈ: Emarie (99)

Category 250B:
 1ˢᵗ: Jade (10)
 2ⁿᵈ: Ezra (56)
 3ʳᵈ: Sadie (5)
 4ᵗʰ: Travis (73)
 5ᵗʰ: Shriya (36)



————————————————————————————————————————————————————————————
          Final standings for event Bithlo #6:


Category 125A:
 1ˢᵗ: Marco (33)
 2ⁿᵈ: Aiden (78)
 3ʳᵈ: Adeline (41)
 4ᵗʰ: Dallas (13)
 5ᵗʰ: Oliver (86)

Category 125B:
 1ˢᵗ: Jaxon (11)
 2ⁿᵈ: Griffin (93)
 3ʳᵈ: Evan (61)
 4ᵗʰ: Saylor (83)

Category 125C:
 1ˢᵗ: Ailani (50)
 2ⁿᵈ: Avery (12)
 3ʳᵈ: Reagan (4)
 4ᵗʰ: Khaliq (16)
 5ᵗʰ: Iris (60)
 6ᵗʰ: Daisy (71)
 7ᵗʰ: Raziel (58)

Category 125Pro:
 1ˢᵗ: Emarie (99)
 2ⁿᵈ: Lucas (15)

Category 250B:
 1ˢᵗ: Jade (10)
 2ⁿᵈ: Travis (73)
 3ʳᵈ: Ezra (56)
 4ᵗʰ: Sadie (5)
 5ᵗʰ: Shriya (36)

Category 250C:
 1ˢᵗ: Nico (48)
 2ⁿᵈ: Roxanne (68)
 3ʳᵈ: Delaney (98)
 4ᵗʰ: Yosiah (32)
 5ᵗʰ: Maverick (54)
 6ᵗʰ: Kysen (72)
 7ᵗʰ: Barrett (57)
 8ᵗʰ: Micah (28)

Category 250Pro:
 1ˢᵗ: Leo (69)
 2ⁿᵈ: Zane (39)
 3ʳᵈ: Lola (2)
 4ᵗʰ: Jaylin (94)
 5ᵗʰ: Maylani (21)
 6ᵗʰ: Keaton (43)
 7ᵗʰ: Adelina (46)
 8ᵗʰ: Leslie (97)
 9ᵗʰ: Camille (95)



————————————————————————————————————————————————————————————
          Final standings for event Bithlo #7:


Category 125A:
 1ˢᵗ: Adeline (41)
 2ⁿᵈ: Oliver (86)
 3ʳᵈ: Dallas (13)
 4ᵗʰ: Aiden (78)
 5ᵗʰ: Marco (33)

Category 125B:
 1ˢᵗ: Jaxon (11)
 2ⁿᵈ: Saylor (83)
 3ʳᵈ: Griffin (93)
 4ᵗʰ: Evan (61)

Category 125C:
 1ˢᵗ: Daisy (71)
 2ⁿᵈ: Avery (12)
 3ʳᵈ: Ailani (50)
 4ᵗʰ: Raziel (58)
 5ᵗʰ: Iris (60)
 6ᵗʰ: Khaliq (16)
 7ᵗʰ: Reagan (4)

Category 125Pro:
 1ˢᵗ: Emarie (99)
 2ⁿᵈ: Lucas (15)

Category 250B:
 1ˢᵗ: Jade (10)
 2ⁿᵈ: Shriya (36)
 3ʳᵈ: Sadie (5)
 4ᵗʰ: Travis (73)
 5ᵗʰ: Ezra (56)

Category 250C:
 1ˢᵗ: Barrett (57)
 2ⁿᵈ: Roxanne (68)
 3ʳᵈ: Delaney (98)
 4ᵗʰ: Maverick (54)
 5ᵗʰ: Micah (28)
 6ᵗʰ: Kysen (72)
 7ᵗʰ: Yosiah (32)
 8ᵗʰ: Nico (48)

Category 250Pro:
 1ˢᵗ: Zane (39)
 2ⁿᵈ: Maylani (21)
 3ʳᵈ: Leslie (97)
 4ᵗʰ: Keaton (43)
 5ᵗʰ: Camille (95)
 6ᵗʰ: Jaylin (94)
 7ᵗʰ: Lola (2)
 8ᵗʰ: Adelina (46)
 9ᵗʰ: Leo (69)



————————————————————————————————————————————————————————————
          Final standings for event Bithlo #8:


Category 125A:
 1ˢᵗ: Marco (33)
 2ⁿᵈ: Oliver (86)
 3ʳᵈ: Dallas (13)
 4ᵗʰ: Adeline (41)
 5ᵗʰ: Aiden (78)







————————————————————————————————————————————————————————————
                Final Rider Report

                         Curr      Total      Next  
 #    Name               Cat       Points     Cat   
---   ----               ----      ------     ------
 1    Emma               500C      133        500A  
 2    Lola               250Pro    115        250Pro
 4    Reagan             125C       68        125A  
 5    Sadie              250B       59        250B  
 7    Kinsley            500C      148        500A  
10    Jade               250B      128        250Pro
11    Jaxon              125B      129        125Pro
12    Avery              125C       82        125A  
13    Dallas             125A      127        125Pro
15    Lucas              125Pro    262        125Pro
16    Khaliq             125C       27        125B  
20    Rennick            500C      138        500A  
21    Maylani            250Pro    265        250Pro
25    Cora               500Pro    293        500Pro
26    Willow             500C      104        500A  
27    Atlas              500B       44        500B  
28    Micah              250C      119        250Pro
32    Yosiah             250C       90        250A  
33    Marco              125A      167        125Pro
36    Shriya             250B      105        250A  
39    Zane               250Pro    295        250Pro
41    Adeline            125A      129        125Pro
42    Maverick           500B       78        500B  
43    Keaton             250Pro    259        250Pro
46    Adelina            250Pro    353        250Pro
47    Leonor             500C      135        500A  
48    Nico               250C      120        250Pro
50    Ailani             125C       75        125A  
51    Marvin             500C      144        500A  
52    Karina             500C      120        500A  
54    Maverick           250C       95        250A  
55    Juliette           500C      144        500A  
56    Ezra               250B       71        250A  
57    Barrett            250C      105        250A  
58    Raziel             125C       20        125C  
60    Iris               125C       23        125C  
61    Evan               125B       79        125A  
62    Travis             500B       49        500B  
68    Roxanne            250C      112        250Pro
69    Leo                250Pro    392        250Pro
70    Moon               500C      126        500A  
71    Daisy              125C       47        125B  
72    Kysen              250C      108        250A  
73    Travis             250B       95        250A  
77    Ailah              500B       51        500B  
78    Aiden              125A      145        125Pro
83    Saylor             125B       92        125A  
85    Violet             500C       95        500A  
86    Oliver             125A      145        125Pro
93    Griffin            125B      117        125Pro
94    Jaylin             250Pro    197        250Pro
95    Camille            250Pro    377        250Pro
97    Leslie             250Pro    295        250Pro
98    Delaney            250C      145        250Pro
99    Emarie             125Pro    223        125Pro
