————————————————————————————————————————————————————————————
          Final standings for event Bithlo #1:


Category 125A:
 1ˢᵗ: Lola (76)
 2ⁿᵈ: Carlos (33)
 3ʳᵈ: Vaylynn (18)
 4ᵗʰ: Jesus (51)
 5ᵗʰ: Leona (55)
 6ᵗʰ: Emma (53)
 7ᵗʰ: Hunter (38)

Category 125B:
 1ˢᵗ: Alivia (39)
 2ⁿᵈ: Danna (11)
 3ʳᵈ: Maverick (96)

Category 125C:
 1ˢᵗ: Nikki (75)
 2ⁿᵈ: Miguel (45)
 3ʳᵈ: Nolan (9)
 4ᵗʰ: Noe (80)
 5ᵗʰ: Hailey (68)
 6ᵗʰ: Bradley (54)
 7ᵗʰ: Shruti (58)
 8ᵗʰ: Olive (6)
 9ᵗʰ: Luna (70)
10ᵗʰ: Ransom (30)

Category 125Pro:
 1ˢᵗ: Jianni (31)
 2ⁿᵈ: Kalim (35)
 3ʳᵈ: Sebastian (29)
 4ᵗʰ: Ruth (2)

Category 250B:
 1ˢᵗ: Theo (85)
 2ⁿᵈ: John (15)
 3ʳᵈ: Aaliyah (84)
 4ᵗʰ: Juwan (57)
 5ᵗʰ: Bud (25)
 6ᵗʰ: Kira (47)
 7ᵗʰ: Naomi (71)
 8ᵗʰ: Enzo (49)

Category 250C:
 1ˢᵗ: Stella (90)
 2ⁿᵈ: Nicholas (94)
 3ʳᵈ: Elodie (20)
 4ᵗʰ: Charlotte (36)
 5ᵗʰ: Yadiel (87)
 6ᵗʰ: Carter (8)
 7ᵗʰ: Zane (40)
 8ᵗʰ: Evelin (97)
 9ᵗʰ: Nolan (72)
10ᵗʰ: Savannah (79)
11ᵗʰ: August (93)
12ᵗʰ: Tatum (89)
13ᵗʰ: Charlotte (86)
14ᵗʰ: Anthony (10)
15ᵗʰ: Monica (27)
16ᵗʰ: Oscar (13)
17ᵗʰ: Emilia (63)



————————————————————————————————————————————————————————————
          Final standings for event Bithlo #2:


Category 125A:
 1ˢᵗ: Vaylynn (18)
 2ⁿᵈ: Jesus (51)
 3ʳᵈ: Hunter (38)
 4ᵗʰ: Lola (76)
 5ᵗʰ: Carlos (33)
 6ᵗʰ: Leona (55)
 7ᵗʰ: Emma (53)

Category 125B:
 1ˢᵗ: Danna (11)
 2ⁿᵈ: Maverick (96)
 3ʳᵈ: Alivia (39)

Category 125C:
 1ˢᵗ: Shruti (58)
 2ⁿᵈ: Nolan (9)
 3ʳᵈ: Ransom (30)
 4ᵗʰ: Olive (6)
 5ᵗʰ: Luna (70)
 6ᵗʰ: Noe (80)
 7ᵗʰ: Bradley (54)
 8ᵗʰ: Nikki (75)
 9ᵗʰ: Hailey (68)
10ᵗʰ: Miguel (45)

Category 125Pro:
 1ˢᵗ: Sebastian (29)
 2ⁿᵈ: Jianni (31)
 3ʳᵈ: Kalim (35)
 4ᵗʰ: Ruth (2)

Category 250B:
 1ˢᵗ: Juwan (57)
 2ⁿᵈ: Kira (47)
 3ʳᵈ: Naomi (71)
 4ᵗʰ: Enzo (49)
 5ᵗʰ: Aaliyah (84)
 6ᵗʰ: Bud (25)
 7ᵗʰ: John (15)
 8ᵗʰ: Theo (85)

Category 250C:
 1ˢᵗ: Charlotte (86)
 2ⁿᵈ: Evelin (97)
 3ʳᵈ: Yadiel (87)
 4ᵗʰ: Oscar (13)
 5ᵗʰ: Carter (8)
 6ᵗʰ: Stella (90)
 7ᵗʰ: Monica (27)
 8ᵗʰ: Savannah (79)
 9ᵗʰ: Emilia (63)
10ᵗʰ: Anthony (10)
11ᵗʰ: Elodie (20)
12ᵗʰ: Nicholas (94)
13ᵗʰ: Charlotte (36)
14ᵗʰ: Zane (40)
15ᵗʰ: Tatum (89)
16ᵗʰ: Nolan (72)
17ᵗʰ: August (93)



————————————————————————————————————————————————————————————
          Final standings for event Bithlo #3:


Category 125A:
 1ˢᵗ: Vaylynn (18)
 2ⁿᵈ: Leona (55)
 3ʳᵈ: Hunter (38)
 4ᵗʰ: Jesus (51)
 5ᵗʰ: Carlos (33)
 6ᵗʰ: Emma (53)
 7ᵗʰ: Lola (76)

Category 125B:
 1ˢᵗ: Danna (11)
 2ⁿᵈ: Alivia (39)
 3ʳᵈ: Maverick (96)

Category 125C:
 1ˢᵗ: Hailey (68)
 2ⁿᵈ: Nolan (9)
 3ʳᵈ: Luna (70)
 4ᵗʰ: Nikki (75)
 5ᵗʰ: Ransom (30)
 6ᵗʰ: Noe (80)
 7ᵗʰ: Bradley (54)
 8ᵗʰ: Miguel (45)
 9ᵗʰ: Olive (6)
10ᵗʰ: Shruti (58)

Category 125Pro:
 1ˢᵗ: Sebastian (29)
 2ⁿᵈ: Kalim (35)
 3ʳᵈ: Ruth (2)
 4ᵗʰ: Jianni (31)

Category 250B:
 1ˢᵗ: Naomi (71)
 2ⁿᵈ: Aaliyah (84)
 3ʳᵈ: John (15)
 4ᵗʰ: Bud (25)
 5ᵗʰ: Kira (47)
 6ᵗʰ: Juwan (57)
 7ᵗʰ: Enzo (49)
 8ᵗʰ: Theo (85)

Category 250C:
 1ˢᵗ: Tatum (89)
 2ⁿᵈ: Anthony (10)
 3ʳᵈ: Charlotte (86)
 4ᵗʰ: Monica (27)
 5ᵗʰ: Nolan (72)
 6ᵗʰ: Yadiel (87)
 7ᵗʰ: Zane (40)
 8ᵗʰ: Savannah (79)
 9ᵗʰ: Evelin (97)
10ᵗʰ: Emilia (63)
11ᵗʰ: Elodie (20)
12ᵗʰ: Carter (8)
13ᵗʰ: Oscar (13)
14ᵗʰ: Nicholas (94)
15ᵗʰ: Stella (90)
16ᵗʰ: August (93)
17ᵗʰ: Charlotte (36)



————————————————————————————————————————————————————————————
          Final standings for event Bithlo #4:


Category 125A:
 1ˢᵗ: Hunter (38)
 2ⁿᵈ: Leona (55)
 3ʳᵈ: Lola (76)
 4ᵗʰ: Emma (53)
 5ᵗʰ: Jesus (51)
 6ᵗʰ: Carlos (33)
 7ᵗʰ: Vaylynn (18)

Category 125B:
 1ˢᵗ: Danna (11)
 2ⁿᵈ: Maverick (96)
 3ʳᵈ: Alivia (39)

Category 125C:
 1ˢᵗ: Hailey (68)
 2ⁿᵈ: Ransom (30)
 3ʳᵈ: Nikki (75)
 4ᵗʰ: Shruti (58)
 5ᵗʰ: Luna (70)
 6ᵗʰ: Bradley (54)
 7ᵗʰ: Olive (6)
 8ᵗʰ: Nolan (9)
 9ᵗʰ: Noe (80)
10ᵗʰ: Miguel (45)

Category 125Pro:
 1ˢᵗ: Ruth (2)
 2ⁿᵈ: Sebastian (29)
 3ʳᵈ: Jianni (31)
 4ᵗʰ: Kalim (35)



————————————————————————————————————————————————————————————
          Final standings for event Bithlo #5:


Category 125A:
 1ˢᵗ: Leona (55)
 2ⁿᵈ: Carlos (33)
 3ʳᵈ: Lola (76)
 4ᵗʰ: Jesus (51)
 5ᵗʰ: Hunter (38)
 6ᵗʰ: Emma (53)
 7ᵗʰ: Vaylynn (18)

Category 125B:
 1ˢᵗ: Alivia (39)
 2ⁿᵈ: Danna (11)
 3ʳᵈ: Maverick (96)

Category 125C:
 1ˢᵗ: Ransom (30)
 2ⁿᵈ: Nikki (75)
 3ʳᵈ: Bradley (54)
 4ᵗʰ: Shruti (58)
 5ᵗʰ: Hailey (68)
 6ᵗʰ: Miguel (45)
 7ᵗʰ: Nolan (9)
 8ᵗʰ: Olive (6)
 9ᵗʰ: Luna (70)
10ᵗʰ: Noe (80)

Category 125Pro:
 1ˢᵗ: Kalim (35)
 2ⁿᵈ: Ruth (2)
 3ʳᵈ: Jianni (31)
 4ᵗʰ: Sebastian (29)

Category 250B:
 1ˢᵗ: John (15)
 2ⁿᵈ: Theo (85)
 3ʳᵈ: Enzo (49)
 4ᵗʰ: Kira (47)
 5ᵗʰ: Aaliyah (84)
 6ᵗʰ: Juwan (57)
 7ᵗʰ: Naomi (71)
 8ᵗʰ: Bud (25)

Category 250C:
 1ˢᵗ: Evelin (97)
 2ⁿᵈ: Yadiel (87)
 3ʳᵈ: Nolan (72)
 4ᵗʰ: Zane (40)
 5ᵗʰ: August (93)
 6ᵗʰ: Nicholas (94)
 7ᵗʰ: Savannah (79)
 8ᵗʰ: Stella (90)
 9ᵗʰ: Carter (8)
10ᵗʰ: Oscar (13)
11ᵗʰ: Anthony (10)
12ᵗʰ: Elodie (20)
13ᵗʰ: Charlotte (36)
14ᵗʰ: Emilia (63)
15ᵗʰ: Tatum (89)
16ᵗʰ: Charlotte (86)
17ᵗʰ: Monica (27)

Category 250Pro:
 1ˢᵗ: Kalani (1)
 2ⁿᵈ: Leah (99)
 3ʳᵈ: Jackson (16)
 4ᵗʰ: Bria (23)
 5ᵗʰ: Elliana (32)
 6ᵗʰ: Emma (52)
 7ᵗʰ: Owen (22)
 8ᵗʰ: Justin (81)
 9ᵗʰ: Jackson (91)
10ᵗʰ: Parker (67)
11ᵗʰ: Natasha (62)
12ᵗʰ: Gregory (46)

Category 500B:
 1ˢᵗ: Isabel (98)
 2ⁿᵈ: Zoey (56)
 3ʳᵈ: Archer (12)
 4ᵗʰ: Eden (66)
 5ᵗʰ: Atticus (82)
 6ᵗʰ: Gianna (83)
 7ᵗʰ: Grayson (4)
 8ᵗʰ: Oliver (50)
 9ᵗʰ: Kai (64)
10ᵗʰ: Braeden (34)
11ᵗʰ: Henry (88)
12ᵗʰ: Ellery (28)

Category 500C:
 1ˢᵗ: Ainoha (5)
 2ⁿᵈ: Joshua (19)
 3ʳᵈ: Bennett (42)
 4ᵗʰ: Avery (77)
 5ᵗʰ: Zorion (24)
 6ᵗʰ: Kamarri (17)
 7ᵗʰ: Chloe (3)
 8ᵗʰ: Asher (41)
 9ᵗʰ: Mckenna (65)
10ᵗʰ: Kayden (59)
11ᵗʰ: Alexander (21)

Category 500Pro:
 1ˢᵗ: Annabelle (95)
 2ⁿᵈ: Ramiro (14)
 3ʳᵈ: Brianna (60)
 4ᵗʰ: Maryan (37)
 5ᵗʰ: Tanner (69)



————————————————————————————————————————————————————————————
          Final standings for event Bithlo #6:


Category 125A:
 1ˢᵗ: Hunter (38)
 2ⁿᵈ: Lola (76)
 3ʳᵈ: Jesus (51)
 4ᵗʰ: Vaylynn (18)
 5ᵗʰ: Leona (55)
 6ᵗʰ: Carlos (33)
 7ᵗʰ: Emma (53)

Category 125B:
 1ˢᵗ: Danna (11)
 2ⁿᵈ: Alivia (39)
 3ʳᵈ: Maverick (96)

Category 125C:
 1ˢᵗ: Nikki (75)
 2ⁿᵈ: Olive (6)
 3ʳᵈ: Hailey (68)
 4ᵗʰ: Shruti (58)
 5ᵗʰ: Nolan (9)
 6ᵗʰ: Ransom (30)
 7ᵗʰ: Bradley (54)
 8ᵗʰ: Luna (70)
 9ᵗʰ: Miguel (45)
10ᵗʰ: Noe (80)

Category 125Pro:
 1ˢᵗ: Kalim (35)
 2ⁿᵈ: Sebastian (29)
 3ʳᵈ: Jianni (31)
 4ᵗʰ: Ruth (2)

Category 250B:
 1ˢᵗ: Aaliyah (84)
 2ⁿᵈ: Bud (25)
 3ʳᵈ: Theo (85)
 4ᵗʰ: Kira (47)
 5ᵗʰ: John (15)
 6ᵗʰ: Juwan (57)
 7ᵗʰ: Enzo (49)
 8ᵗʰ: Naomi (71)

Category 250C:
 1ˢᵗ: Charlotte (86)
 2ⁿᵈ: Emilia (63)
 3ʳᵈ: Yadiel (87)
 4ᵗʰ: Nicholas (94)
 5ᵗʰ: Tatum (89)
 6ᵗʰ: Monica (27)
 7ᵗʰ: Savannah (79)
 8ᵗʰ: August (93)
 9ᵗʰ: Oscar (13)
10ᵗʰ: Anthony (10)
11ᵗʰ: Nolan (72)
12ᵗʰ: Charlotte (36)
13ᵗʰ: Evelin (97)
14ᵗʰ: Elodie (20)
15ᵗʰ: Zane (40)
16ᵗʰ: Stella (90)
17ᵗʰ: Carter (8)



————————————————————————————————————————————————————————————
          Final standings for event Bithlo #7:


Category 125A:
 1ˢᵗ: Vaylynn (18)
 2ⁿᵈ: Leona (55)
 3ʳᵈ: Carlos (33)
 4ᵗʰ: Jesus (51)
 5ᵗʰ: Lola (76)
 6ᵗʰ: Emma (53)
 7ᵗʰ: Hunter (38)

Category 125B:
 1ˢᵗ: Alivia (39)
 2ⁿᵈ: Danna (11)
 3ʳᵈ: Maverick (96)



————————————————————————————————————————————————————————————
          Final standings for event Bithlo #8:


Category 125A:
 1ˢᵗ: Lola (76)
 2ⁿᵈ: Emma (53)
 3ʳᵈ: Leona (55)
 4ᵗʰ: Jesus (51)
 5ᵗʰ: Carlos (33)
 6ᵗʰ: Vaylynn (18)
 7ᵗʰ: Hunter (38)

Category 125B:
 1ˢᵗ: Danna (11)
 2ⁿᵈ: Maverick (96)
 3ʳᵈ: Alivia (39)



————————————————————————————————————————————————————————————
          Final standings for event Bithlo #9:


Category 125A:
 1ˢᵗ: Jesus (51)
 2ⁿᵈ: Leona (55)
 3ʳᵈ: Emma (53)
 4ᵗʰ: Vaylynn (18)
 5ᵗʰ: Hunter (38)
 6ᵗʰ: Lola (76)
 7ᵗʰ: Carlos (33)

Category 125B:
 1ˢᵗ: Maverick (96)
 2ⁿᵈ: Danna (11)
 3ʳᵈ: Alivia (39)

Category 125C:
 1ˢᵗ: Luna (70)
 2ⁿᵈ: Nikki (75)
 3ʳᵈ: Ransom (30)
 4ᵗʰ: Nolan (9)
 5ᵗʰ: Miguel (45)
 6ᵗʰ: Olive (6)
 7ᵗʰ: Shruti (58)
 8ᵗʰ: Noe (80)
 9ᵗʰ: Hailey (68)
10ᵗʰ: Bradley (54)

Category 125Pro:
 1ˢᵗ: Sebastian (29)
 2ⁿᵈ: Ruth (2)
 3ʳᵈ: Kalim (35)
 4ᵗʰ: Jianni (31)

Category 250B:
 1ˢᵗ: Enzo (49)
 2ⁿᵈ: Bud (25)
 3ʳᵈ: Naomi (71)
 4ᵗʰ: John (15)
 5ᵗʰ: Aaliyah (84)
 6ᵗʰ: Theo (85)
 7ᵗʰ: Juwan (57)
 8ᵗʰ: Kira (47)

Category 250C:
 1ˢᵗ: Charlotte (36)
 2ⁿᵈ: Anthony (10)
 3ʳᵈ: Emilia (63)
 4ᵗʰ: Yadiel (87)
 5ᵗʰ: Charlotte (86)
 6ᵗʰ: Carter (8)
 7ᵗʰ: Evelin (97)
 8ᵗʰ: Elodie (20)
 9ᵗʰ: August (93)
10ᵗʰ: Oscar (13)
11ᵗʰ: Nicholas (94)
12ᵗʰ: Tatum (89)
13ᵗʰ: Monica (27)
14ᵗʰ: Nolan (72)
15ᵗʰ: Zane (40)
16ᵗʰ: Stella (90)
17ᵗʰ: Savannah (79)

Category 250Pro:
 1ˢᵗ: Leah (99)
 2ⁿᵈ: Bria (23)
 3ʳᵈ: Elliana (32)
 4ᵗʰ: Emma (52)
 5ᵗʰ: Gregory (46)
 6ᵗʰ: Jackson (16)
 7ᵗʰ: Owen (22)
 8ᵗʰ: Justin (81)
 9ᵗʰ: Parker (67)
10ᵗʰ: Kalani (1)
11ᵗʰ: Jackson (91)
12ᵗʰ: Natasha (62)







————————————————————————————————————————————————————————————
                Final Rider Report

                         Curr      Total      Next  
 #    Name               Cat       Points     Cat   
---   ----               ----      ------     ------
 1    Kalani             250Pro    235        250Pro
 2    Ruth               125Pro    158        125Pro
 3    Chloe              500C      129        500A  
 4    Grayson            500B       88        500B  
 5    Ainoha             500C      162        500Pro
 6    Olive              125C       24        125C  
 8    Carter             250C       76        250A  
 9    Nolan              125C       44        125B  
10    Anthony            250C       99        250A  
11    Danna              125B      168        125Pro
12    Archer             500B       75        500B  
13    Oscar              250C       95        250A  
14    Ramiro             500Pro    201        500Pro
15    John               250B       98        250A  
16    Jackson            250Pro    379        250Pro
17    Kamarri            500C      146        500A  
18    Vaylynn            125A      143        125Pro
19    Joshua             500C      125        500A  
20    Elodie             250C       85        250A  
21    Alexander          500C      129        500A  
22    Owen               250Pro    175        250Pro
23    Bria               250Pro    380        250Pro
24    Zorion             500C      104        500A  
25    Bud                250B       69        250B  
27    Monica             250C       99        250A  
28    Ellery             500B       80        500B  
29    Sebastian          125Pro    379        125Pro
30    Ransom             125C       43        125B  
31    Jianni             125Pro    270        125Pro
32    Elliana            250Pro    218        250Pro
33    Carlos             125A       89        125A  
34    Braeden            500B       55        500B  
35    Kalim              125Pro    301        125Pro
36    Charlotte          250C      110        250Pro
37    Maryan             500Pro    475        500Pro
38    Hunter             125A      119        125Pro
39    Alivia             125B      158        125Pro
40    Zane               250C       72        250A  
41    Asher              500C      115        500A  
42    Bennett            500C      140        500A  
45    Miguel             125C       15        125C  
46    Gregory            250Pro    270        250Pro
47    Kira               250B       80        250A  
49    Enzo               250B       67        250B  
50    Oliver             500B       60        500B  
51    Jesus              125A      116        125Pro
52    Emma               250Pro    379        250Pro
53    Emma               125A       85        125A  
54    Bradley            125C       16        125C  
55    Leona              125A      141        125Pro
56    Zoey               500B       90        500A  
57    Juwan              250B       72        250A  
58    Shruti             125C       35        125B  
59    Kayden             500C       93        500A  
60    Brianna            500Pro    379        500Pro
62    Natasha            250Pro    295        250Pro
63    Emilia             250C       91        250A  
64    Kai                500B       74        500B  
65    Mckenna            500C       98        500A  
66    Eden               500B       68        500B  
67    Parker             250Pro    191        250Pro
68    Hailey             125C       58        125B  
69    Tanner             500Pro    378        500Pro
70    Luna               125C       36        125B  
71    Naomi              250B       76        250A  
72    Nolan              250C      100        250A  
75    Nikki              125C       78        125A  
76    Lola               125A      131        125Pro
77    Avery              500C      141        500A  
79    Savannah           250C      107        250A  
80    Noe                125C       17        125C  
81    Justin             250Pro    155        250Pro
82    Atticus            500B       79        500B  
83    Gianna             500B       59        500B  
84    Aaliyah            250B       74        250A  
85    Theo               250B       67        250B  
86    Charlotte          250C      135        250Pro
87    Yadiel             250C      128        250Pro
88    Henry              500B       74        500B  
89    Tatum              250C      104        250A  
90    Stella             250C      118        250Pro
91    Jackson            250Pro    115        250Pro
93    August             250C       95        250A  
94    Nicholas           250C       89        250A  
95    Annabelle          500Pro    433        500Pro
96    Maverick           125B      128        125Pro
97    Evelin             250C      122        250Pro
98    Isabel             500B      102        500A  
99    Leah               250Pro    329        250Pro
