————————————————————————————————————————————————————————————
          Final standings for event Bithlo #1:


Category 125A:
 1ˢᵗ: Aria (43)
 2ⁿᵈ: Luke (48)
 3ʳᵈ: Evelyn (2)
 4ᵗʰ: Reid (62)

Category 125B:
 1ˢᵗ: Cameron (37)
 2ⁿᵈ: Alondra (11)

Category 125C:
 1ˢᵗ: Citlali (79)
 2ⁿᵈ: Luca (71)



————————————————————————————————————————————————————————————
          Final standings for event Bithlo #2:


Category 125A:
 1ˢᵗ: Reid (62)
 2ⁿᵈ: Evelyn (2)
 3ʳᵈ: Aria (43)
 4ᵗʰ: Luke (48)

Category 125B:
 1ˢᵗ: Cameron (37)
 2ⁿᵈ: Alondra (11)

Category 125C:
 1ˢᵗ: Citlali (79)
 2ⁿᵈ: Luca (71)

Category 125Pro:
 1ˢᵗ: Lorenzo (93)

Category 250B:
 1ˢᵗ: Zakaria (17)
 2ⁿᵈ: Alice (23)



————————————————————————————————————————————————————————————
          Final standings for event Bithlo #3:


Category 125A:
 1ˢᵗ: Reid (62)
 2ⁿᵈ: Evelyn (2)
 3ʳᵈ: Aria (43)
 4ᵗʰ: Luke (48)

Category 125B:
 1ˢᵗ: Cameron (37)
 2ⁿᵈ: Alondra (11)

Category 125C:
 1ˢᵗ: Luca (71)
 2ⁿᵈ: Citlali (79)

Category 125Pro:
 1ˢᵗ: Lorenzo (93)



————————————————————————————————————————————————————————————
          Final standings for event Bithlo #4:


Category 125A:
 1ˢᵗ: Evelyn (2)
 2ⁿᵈ: Reid (62)
 3ʳᵈ: Luke (48)
 4ᵗʰ: Aria (43)

Category 125B:
 1ˢᵗ: Alondra (11)
 2ⁿᵈ: Cameron (37)

Category 125C:
 1ˢᵗ: Luca (71)
 2ⁿᵈ: Citlali (79)

Category 125Pro:
 1ˢᵗ: Lorenzo (93)



————————————————————————————————————————————————————————————
          Final standings for event Bithlo #5:


Category 125A:
 1ˢᵗ: Aria (43)
 2ⁿᵈ: Luke (48)
 3ʳᵈ: Reid (62)
 4ᵗʰ: Evelyn (2)

Category 125B:
 1ˢᵗ: Alondra (11)
 2ⁿᵈ: Cameron (37)



————————————————————————————————————————————————————————————
          Final standings for event Bithlo #6:


Category 125A:
 1ˢᵗ: Reid (62)
 2ⁿᵈ: Luke (48)
 3ʳᵈ: Evelyn (2)
 4ᵗʰ: Aria (43)

Category 125B:
 1ˢᵗ: Cameron (37)
 2ⁿᵈ: Alondra (11)

Category 125C:
 1ˢᵗ: Luca (71)
 2ⁿᵈ: Citlali (79)

Category 125Pro:
 1ˢᵗ: Lorenzo (93)

Category 250B:
 1ˢᵗ: Zakaria (17)
 2ⁿᵈ: Alice (23)



————————————————————————————————————————————————————————————
          Final standings for event Bithlo #7:


Category 125A:
 1ˢᵗ: Evelyn (2)
 2ⁿᵈ: Aria (43)
 3ʳᵈ: Luke (48)
 4ᵗʰ: Reid (62)

Category 125B:
 1ˢᵗ: Cameron (37)
 2ⁿᵈ: Alondra (11)

Category 125C:
 1ˢᵗ: Citlali (79)
 2ⁿᵈ: Luca (71)

Category 125Pro:
 1ˢᵗ: Lorenzo (93)

Category 250B:
 1ˢᵗ: Zakaria (17)
 2ⁿᵈ: Alice (23)

Category 250C:
 1ˢᵗ: Roman (21)
 2ⁿᵈ: Matilda (70)
 3ʳᵈ: Eliana (72)
 4ᵗʰ: Kai (20)
 5ᵗʰ: Ethan (47)
 6ᵗʰ: Lincoln (82)

Category 250Pro:
 1ˢᵗ: Justina (73)
 2ⁿᵈ: Emerson (5)
 3ʳᵈ: Trystin (56)
 4ᵗʰ: Locklyn (36)
 5ᵗʰ: Carter (28)

Category 500B:
 1ˢᵗ: Kingsley (59)

Category 500C:
 1ˢᵗ: Saint (39)
 2ⁿᵈ: Oshun (9)
 3ʳᵈ: Salem (66)
 4ᵗʰ: Selina (44)
 5ᵗʰ: Shaun (42)
 6ᵗʰ: Madison (38)
 7ᵗʰ: Theodor (4)
 8ᵗʰ: Marisol (32)







————————————————————————————————————————————————————————————
                Final Rider Report

                         Curr      Total      Next  
 #    Name               Cat       Points     Cat   
---   ----               ----      ------     ------
 2    Evelyn             125A      155        125Pro
 4    Theodor            500C      146        500A  
 5    Emerson            250Pro    217        250Pro
 9    Oshun              500C      138        500A  
11    Alondra            125B      115        125Pro
17    Zakaria            250B      109        250A  
20    Kai                250C       76        250A  
21    Roman              250C      114        250Pro
23    Alice              250B       68        250B  
28    Carter             250Pro    399        250Pro
32    Marisol            500C       95        500A  
33    Maria              500Pro    179        500Pro
36    Locklyn            250Pro    143        250Pro
37    Cameron            125B      149        125Pro
38    Madison            500C      102        500A  
39    Saint              500C      132        500A  
40    Sergio             500Pro    247        500Pro
41    Tyler              500Pro    309        500Pro
42    Shaun              500C       96        500A  
43    Aria               125A      142        125Pro
44    Selina             500C      104        500A  
47    Ethan              250C       74        250A  
48    Luke               125A      126        125Pro
56    Trystin            250Pro    365        250Pro
59    Kingsley           500B      105        500A  
62    Reid               125A      157        125Pro
66    Salem              500C      143        500A  
70    Matilda            250C      106        250A  
71    Luca               125C      102        125Pro
72    Eliana             250C       83        250A  
73    Justina            250Pro    302        250Pro
79    Citlali            125C       94        125A  
82    Lincoln            250C       94        250A  
93    Lorenzo            125Pro    328        125Pro
