————————————————————————————————————————————————————————————
          Final standings for event Bithlo #1:


Category 125Pro:
 1ˢᵗ: Colden (48)

Category 250B:
 1ˢᵗ: Caleb (82)
 2ⁿᵈ: Jeremy (2)

Category 250Pro:
 1ˢᵗ: Michael (70)

Category 500Pro:
 1ˢᵗ: Augustus (10)



————————————————————————————————————————————————————————————
          Final standings for event Bithlo #2:


Category 125Pro:
 1ˢᵗ: Colden (48)

Category 250B:
 1ˢᵗ: Caleb (82)
 2ⁿᵈ: Jeremy (2)

Category 250Pro:
 1ˢᵗ: Michael (70)



————————————————————————————————————————————————————————————
          Final standings for event Bithlo #3:


Category 125Pro:
 1ˢᵗ: Colden (48)

Category 250B:
 1ˢᵗ: Caleb (82)
 2ⁿᵈ: Jeremy (2)

Category 250Pro:
 1ˢᵗ: Michael (70)

Category 500Pro:
 1ˢᵗ: Augustus (10)







————————————————————————————————————————————————————————————
                Final Rider Report

                         Curr      Total      Next  
 #    Name               Cat       Points     Cat   
---   ----               ----      ------     ------
 2    Jeremy             250B       95        250A  
10    Augustus           500Pro    195        500Pro
48    Colden             125Pro    176        125Pro
70    Michael            250Pro    355        250Pro
82    Caleb              250B      116        250Pro
