————————————————————————————————————————————————————————————
          Final standings for event Bithlo #1:


Category 125A:
 1ˢᵗ: Marshall (5)
 2ⁿᵈ: Thea (31)

Category 125B:
 1ˢᵗ: Ezra (42)
 2ⁿᵈ: Olivia (43)
 3ʳᵈ: Millie (16)

Category 125C:
 1ˢᵗ: Claire (38)

Category 125Pro:
 1ˢᵗ: Juana (12)
 2ⁿᵈ: Shiloh (79)



————————————————————————————————————————————————————————————
          Final standings for event Bithlo #2:


Category 125A:
 1ˢᵗ: Thea (31)
 2ⁿᵈ: Marshall (5)

Category 125B:
 1ˢᵗ: Olivia (43)
 2ⁿᵈ: Ezra (42)
 3ʳᵈ: Millie (16)

Category 125C:
 1ˢᵗ: Claire (38)

Category 125Pro:
 1ˢᵗ: Juana (12)
 2ⁿᵈ: Shiloh (79)

Category 250B:
 1ˢᵗ: Julia (80)
 2ⁿᵈ: Felipe (53)
 3ʳᵈ: Strider (88)
 4ᵗʰ: Xavier (21)
 5ᵗʰ: Samuel (58)

Category 250C:
 1ˢᵗ: Addison (6)



————————————————————————————————————————————————————————————
          Final standings for event Bithlo #3:


Category 125A:
 1ˢᵗ: Thea (31)
 2ⁿᵈ: Marshall (5)



————————————————————————————————————————————————————————————
          Final standings for event Bithlo #4:


Category 125A:
 1ˢᵗ: Marshall (5)
 2ⁿᵈ: Thea (31)

Category 125B:
 1ˢᵗ: Olivia (43)
 2ⁿᵈ: Millie (16)
 3ʳᵈ: Ezra (42)

Category 125C:
 1ˢᵗ: Claire (38)

Category 125Pro:
 1ˢᵗ: Shiloh (79)
 2ⁿᵈ: Juana (12)

Category 250B:
 1ˢᵗ: Julia (80)
 2ⁿᵈ: Felipe (53)
 3ʳᵈ: Strider (88)
 4ᵗʰ: Samuel (58)
 5ᵗʰ: Xavier (21)

Category 250C:
 1ˢᵗ: Addison (6)

Category 250Pro:
 1ˢᵗ: Oaklee (74)

Category 500B:
 1ˢᵗ: Khi (29)

Category 500C:
 1ˢᵗ: Callan (3)
 2ⁿᵈ: Graham (54)
 3ʳᵈ: Rivaan (4)

Category 500Pro:
 1ˢᵗ: Willow (84)
 2ⁿᵈ: Fern (9)



————————————————————————————————————————————————————————————
          Final standings for event Bithlo #5:


Category 125A:
 1ˢᵗ: Marshall (5)
 2ⁿᵈ: Thea (31)

Category 125B:
 1ˢᵗ: Ezra (42)
 2ⁿᵈ: Millie (16)
 3ʳᵈ: Olivia (43)

Category 125C:
 1ˢᵗ: Claire (38)

Category 125Pro:
 1ˢᵗ: Shiloh (79)
 2ⁿᵈ: Juana (12)

Category 250B:
 1ˢᵗ: Xavier (21)
 2ⁿᵈ: Felipe (53)
 3ʳᵈ: Samuel (58)
 4ᵗʰ: Strider (88)
 5ᵗʰ: Julia (80)

Category 250C:
 1ˢᵗ: Addison (6)



————————————————————————————————————————————————————————————
          Final standings for event Bithlo #6:


Category 125A:
 1ˢᵗ: Marshall (5)
 2ⁿᵈ: Thea (31)

Category 125B:
 1ˢᵗ: Ezra (42)
 2ⁿᵈ: Millie (16)
 3ʳᵈ: Olivia (43)

Category 125C:
 1ˢᵗ: Claire (38)

Category 125Pro:
 1ˢᵗ: Juana (12)
 2ⁿᵈ: Shiloh (79)

Category 250B:
 1ˢᵗ: Felipe (53)
 2ⁿᵈ: Julia (80)
 3ʳᵈ: Samuel (58)
 4ᵗʰ: Xavier (21)
 5ᵗʰ: Strider (88)

Category 250C:
 1ˢᵗ: Addison (6)

Category 250Pro:
 1ˢᵗ: Oaklee (74)

Category 500B:
 1ˢᵗ: Khi (29)

Category 500C:
 1ˢᵗ: Rivaan (4)
 2ⁿᵈ: Graham (54)
 3ʳᵈ: Callan (3)

Category 500Pro:
 1ˢᵗ: Fern (9)
 2ⁿᵈ: Willow (84)







————————————————————————————————————————————————————————————
                Final Rider Report

                         Curr      Total      Next  
 #    Name               Cat       Points     Cat   
---   ----               ----      ------     ------
 3    Callan             500C      125        500A  
 4    Rivaan             500C      174        500Pro
 5    Marshall           125A      187        125Pro
 6    Addison            250C      159        250Pro
 9    Fern               500Pro    487        500Pro
12    Juana              125Pro    340        125Pro
16    Millie             125B       84        125A  
21    Xavier             250B       87        250A  
29    Khi                500B       99        500A  
31    Thea               125A      171        125Pro
38    Claire             125C      117        125Pro
42    Ezra               125B      123        125Pro
43    Olivia             125B      109        125Pro
53    Felipe             250B       99        250A  
54    Graham             500C      153        500Pro
58    Samuel             250B       64        250B  
74    Oaklee             250Pro    272        250Pro
79    Shiloh             125Pro    223        125Pro
80    Julia              250B      109        250A  
84    Willow             500Pro    443        500Pro
88    Strider            250B       46        250B  
