————————————————————————————————————————————————————————————
          Final standings for event Bithlo #1:


Category 125B:
 1ˢᵗ: Dennis (8)



————————————————————————————————————————————————————————————
          Final standings for event Bithlo #2:


Category 125B:
 1ˢᵗ: Dennis (8)

Category 125C:
 1ˢᵗ: Marceline (39)
 2ⁿᵈ: Mia (17)



————————————————————————————————————————————————————————————
          Final standings for event Bithlo #3:


Category 125B:
 1ˢᵗ: Dennis (8)

Category 125C:
 1ˢᵗ: Mia (17)
 2ⁿᵈ: Marceline (39)

Category 125Pro:
 1ˢᵗ: Myra (48)
 2ⁿᵈ: Gabriel (9)

Category 250C:
 1ˢᵗ: Novia (78)
 2ⁿᵈ: Violet (43)



————————————————————————————————————————————————————————————
          Final standings for event Bithlo #4:


Category 125B:
 1ˢᵗ: Dennis (8)

Category 125C:
 1ˢᵗ: Marceline (39)
 2ⁿᵈ: Mia (17)







————————————————————————————————————————————————————————————
                Final Rider Report

                         Curr      Total      Next  
 #    Name               Cat       Points     Cat   
---   ----               ----      ------     ------
 8    Dennis             125B      112        125Pro
 9    Gabriel            125Pro    304        125Pro
17    Mia                125C       40        125B  
39    Marceline          125C       52        125B  
43    Violet             250C      105        250A  
48    Myra               125Pro    157        125Pro
51    Alayah             500C      128        500A  
78    Novia              250C      117        250Pro
