————————————————————————————————————————————————————————————
          Final standings for event Bithlo #1:


Category 125C:
 1ˢᵗ: Noelle (18)
 2ⁿᵈ: Jonah (73)

Category 125Pro:
 1ˢᵗ: Drew (83)
 2ⁿᵈ: Gabriel (49)
 3ʳᵈ: Elisse (87)

Category 250B:
 1ˢᵗ: Travis (71)

Category 250C:
 1ˢᵗ: Zada (59)
 2ⁿᵈ: Daniela (98)

Category 250Pro:
 1ˢᵗ: Aaron (29)

Category 500C:
 1ˢᵗ: Imani (82)
 2ⁿᵈ: Kairo (11)

Category 500Pro:
 1ˢᵗ: Walker (6)
 2ⁿᵈ: Kayden (65)



————————————————————————————————————————————————————————————
          Final standings for event Bithlo #2:


Category 125C:
 1ˢᵗ: Jonah (73)
 2ⁿᵈ: Noelle (18)

Category 125Pro:
 1ˢᵗ: Drew (83)
 2ⁿᵈ: Gabriel (49)
 3ʳᵈ: Elisse (87)

Category 250B:
 1ˢᵗ: Travis (71)



————————————————————————————————————————————————————————————
          Final standings for event Bithlo #3:


Category 125C:
 1ˢᵗ: Noelle (18)
 2ⁿᵈ: Jonah (73)

Category 125Pro:
 1ˢᵗ: Elisse (87)
 2ⁿᵈ: Gabriel (49)
 3ʳᵈ: Drew (83)

Category 250B:
 1ˢᵗ: Travis (71)

Category 250C:
 1ˢᵗ: Daniela (98)
 2ⁿᵈ: Zada (59)



————————————————————————————————————————————————————————————
          Final standings for event Bithlo #4:


Category 125C:
 1ˢᵗ: Noelle (18)
 2ⁿᵈ: Jonah (73)

Category 125Pro:
 1ˢᵗ: Gabriel (49)
 2ⁿᵈ: Drew (83)
 3ʳᵈ: Elisse (87)

Category 250B:
 1ˢᵗ: Travis (71)

Category 250C:
 1ˢᵗ: Daniela (98)
 2ⁿᵈ: Zada (59)



————————————————————————————————————————————————————————————
          Final standings for event Bithlo #5:


Category 125C:
 1ˢᵗ: Jonah (73)
 2ⁿᵈ: Noelle (18)

Category 125Pro:
 1ˢᵗ: Drew (83)
 2ⁿᵈ: Gabriel (49)
 3ʳᵈ: Elisse (87)







————————————————————————————————————————————————————————————
                Final Rider Report

                         Curr      Total      Next  
 #    Name               Cat       Points     Cat   
---   ----               ----      ------     ------
 6    Walker             500Pro    182        500Pro
11    Kairo              500C      149        500A  
18    Noelle             125C       99        125Pro
29    Aaron              250Pro    406        250Pro
49    Gabriel            125Pro    214        125Pro
59    Zada               250C      112        250Pro
65    Kayden             500Pro    358        500Pro
71    Travis             250B      111        250Pro
73    Jonah              125C       77        125A  
82    Imani              500C      155        500Pro
83    Drew               125Pro    289        125Pro
87    Elisse             125Pro    139        125Pro
98    Daniela            250C      139        250Pro
